<?xml version="1.0" encoding="UTF-8"?>
<!-- Generated by org.testng.reporters.JUnitReportReporter -->
<testsuite name="AdvancedSearch_US_main.AdvancedSearch_main_Green_Test" tests="9" time="132.404" ignored="0" failures="0" timestamp="13 Mar 2021 10:57:48 GMT" skipped="0" hostname="DESKTOP-GAEG9SK" errors="0">
  <testcase name="T2_OpenSearchTab" time="7.721" classname="AdvancedSearch_US_main.AdvancedSearch_main_Green_Test"/>
  <testcase name="T5_SearchByFirstName" time="11.885" classname="AdvancedSearch_US_main.AdvancedSearch_main_Green_Test"/>
  <testcase name="T6_SearchByLastName" time="11.708" classname="AdvancedSearch_US_main.AdvancedSearch_main_Green_Test"/>
  <testcase name="T8_SearchByReqId_FName_ProjectName" time="12.516" classname="AdvancedSearch_US_main.AdvancedSearch_main_Green_Test"/>
  <testcase name="T7_SearchByProjectName" time="11.810" classname="AdvancedSearch_US_main.AdvancedSearch_main_Green_Test"/>
  <testcase name="T1_SupplierLogin" time="36.972" classname="AdvancedSearch_US_main.AdvancedSearch_main_Green_Test"/>
  <testcase name="T9_SearchByReqId_FName_LName_ProjectName_PONumber" time="13.131" classname="AdvancedSearch_US_main.AdvancedSearch_main_Green_Test"/>
  <testcase name="T3_SearchByReq" time="13.297" classname="AdvancedSearch_US_main.AdvancedSearch_main_Green_Test"/>
  <testcase name="T4_SearchByPONumber" time="13.364" classname="AdvancedSearch_US_main.AdvancedSearch_main_Green_Test"/>
</testsuite> <!-- AdvancedSearch_US_main.AdvancedSearch_main_Green_Test -->
