<?xml version="1.0" encoding="UTF-8"?>
<!-- Generated by org.testng.reporters.JUnitReportReporter -->
<testsuite name="expOActions_US_main.CRB_Auth" tests="3" time="174.439" ignored="0" failures="0" timestamp="15 Apr 2019 12:19:22 GMT" skipped="0" hostname="IBM200-PC07QF34" errors="0">
  <testcase name="CRB_auth" time="31.472" classname="expOActions_US_main.CRB_Auth"/>
  <testcase name="CRB_login" time="18.970" classname="expOActions_US_main.CRB_Auth"/>
  <testcase name="Openreq" time="123.997" classname="expOActions_US_main.CRB_Auth"/>
</testsuite> <!-- expOActions_US_main.CRB_Auth -->
