<?xml version="1.0" encoding="UTF-8"?>
<!-- Generated by org.testng.reporters.JUnitReportReporter -->
<testsuite name="expOActions_GB_main.AddResponse_GB" tests="1" time="263.867" ignored="0" failures="0" timestamp="15 Apr 2019 09:49:42 GMT" skipped="0" hostname="IBM200-PC07QF34" errors="0">
  <testcase name="add_response" time="263.867" classname="expOActions_GB_main.AddResponse_GB"/>
</testsuite> <!-- expOActions_GB_main.AddResponse_GB -->
