<?xml version="1.0" encoding="UTF-8"?>
<!-- Generated by org.testng.reporters.JUnitReportReporter -->
<testsuite name="expOActions_IN_main.FinalizeResponse_IN" tests="1" time="195.943" ignored="0" failures="0" timestamp="15 Apr 2019 10:58:28 GMT" skipped="0" hostname="IBM200-PC07QF34" errors="0">
  <testcase name="Finalize" time="195.943" classname="expOActions_IN_main.FinalizeResponse_IN"/>
</testsuite> <!-- expOActions_IN_main.FinalizeResponse_IN -->
