<?xml version="1.0" encoding="UTF-8"?>
<!-- Generated by org.testng.reporters.JUnitReportReporter -->
<testsuite name="expOActions_GB_main.CRB_Auth_GB" tests="2" time="253.453" ignored="0" failures="0" timestamp="15 Apr 2019 12:32:10 GMT" skipped="0" hostname="IBM200-PC07QF34" errors="0">
  <testcase name="CRB_auth" time="242.510" classname="expOActions_GB_main.CRB_Auth_GB"/>
  <testcase name="CRB_Wlcmpage" time="10.943" classname="expOActions_GB_main.CRB_Auth_GB"/>
</testsuite> <!-- expOActions_GB_main.CRB_Auth_GB -->
