<?xml version="1.0" encoding="UTF-8"?>
<!-- Generated by org.testng.reporters.JUnitReportReporter -->
<testsuite name="expOActions_GB_main.EO_AllActions_GB" tests="1" time="247.898" ignored="0" failures="0" timestamp="16 Apr 2019 05:01:38 GMT" skipped="0" hostname="IBM200-PC07QF34" errors="0">
  <testcase name="SB_auth" time="247.898" classname="expOActions_GB_main.EO_AllActions_GB"/>
</testsuite> <!-- expOActions_GB_main.EO_AllActions_GB -->
