<?xml version="1.0" encoding="UTF-8"?>
<!-- Generated by org.testng.reporters.JUnitReportReporter -->
<testsuite name="expOActions_IN_main.EO_AllActions_IN" tests="1" time="304.640" ignored="0" failures="0" timestamp="16 Apr 2019 05:25:20 GMT" skipped="0" hostname="IBM200-PC07QF34" errors="0">
  <testcase name="EO_auth" time="304.640" classname="expOActions_IN_main.EO_AllActions_IN"/>
</testsuite> <!-- expOActions_IN_main.EO_AllActions_IN -->
