<?xml version="1.0" encoding="UTF-8"?>
<!-- Generated by org.testng.reporters.JUnitReportReporter -->
<testsuite name="expOActions_US_main.FinalizeResponse" tests="2" time="168.213" ignored="0" failures="0" timestamp="15 Apr 2019 11:02:52 GMT" skipped="0" hostname="IBM200-PC07QF34" errors="0">
  <testcase name="Finalize" time="96.686" classname="expOActions_US_main.FinalizeResponse"/>
  <testcase name="login" time="71.527" classname="expOActions_US_main.FinalizeResponse"/>
</testsuite> <!-- expOActions_US_main.FinalizeResponse -->
