<?xml version="1.0" encoding="UTF-8"?>
<!-- Generated by org.testng.reporters.JUnitReportReporter -->
<testsuite hostname="IBM200-PC07QF34" name="pOActions_US_main.AddResponse" tests="1" failures="0" timestamp="18 May 2017 10:08:08 GMT" time="309.395" errors="0">
  <testcase name="add_response" time="309.395" classname="pOActions_US_main.AddResponse"/>
</testsuite> <!-- pOActions_US_main.AddResponse -->
