<?xml version="1.0" encoding="UTF-8"?>
<!-- Generated by org.testng.reporters.JUnitReportReporter -->
<testsuite hostname="IBM200-PC07QF34" name="expOActions_GB_main.RIPC_StatusCheck_GB" tests="1" failures="0" timestamp="2 Jun 2017 11:13:30 GMT" time="74.869" errors="0">
  <testcase name="RIPC_Login" time="74.869" classname="expOActions_GB_main.RIPC_StatusCheck_GB"/>
</testsuite> <!-- expOActions_GB_main.RIPC_StatusCheck_GB -->
