<?xml version="1.0" encoding="UTF-8"?>
<!-- Generated by org.testng.reporters.JUnitReportReporter -->
<testsuite name="expOActions_US_main.EO_AllActions" tests="1" time="195.694" ignored="0" failures="0" timestamp="07 Feb 2019 06:34:42 GMT" skipped="0" hostname="IBM200-PC07QF34" errors="0">
  <testcase name="EO_auth" time="195.694" classname="expOActions_US_main.EO_AllActions"/>
</testsuite> <!-- expOActions_US_main.EO_AllActions -->
