<?xml version="1.0" encoding="UTF-8"?>
<!-- Generated by org.testng.reporters.JUnitReportReporter -->
<testsuite name="expOActions_US_main.CI_CreateReq_AddResponses_Test" tests="15" time="350.858" ignored="0" failures="0" timestamp="11 Dec 2020 06:41:42 GMT" skipped="0" hostname="DESKTOP-GAEG9SK" errors="0">
  <testcase name="OpenNewGreenApp" time="12.067" classname="expOActions_US_main.CI_CreateReq_AddResponses_Test"/>
  <testcase name="Login_Green" time="21.481" classname="expOActions_US_main.CI_CreateReq_AddResponses_Test"/>
  <testcase name="add_response" time="141.311" classname="expOActions_US_main.CI_CreateReq_AddResponses_Test"/>
  <testcase name="select_jrss" time="7.672" classname="expOActions_US_main.CI_CreateReq_AddResponses_Test"/>
  <testcase name="skill_loc" time="5.989" classname="expOActions_US_main.CI_CreateReq_AddResponses_Test"/>
  <testcase name="OpenRequest" time="16.780" classname="expOActions_US_main.CI_CreateReq_AddResponses_Test"/>
  <testcase name="RIPC_Login" time="23.587" classname="expOActions_US_main.CI_CreateReq_AddResponses_Test"/>
  <testcase name="supp" time="27.551" classname="expOActions_US_main.CI_CreateReq_AddResponses_Test"/>
  <testcase name="Create_Req" time="21.584" classname="expOActions_US_main.CI_CreateReq_AddResponses_Test"/>
  <testcase name="skill_Req" time="5.846" classname="expOActions_US_main.CI_CreateReq_AddResponses_Test"/>
  <testcase name="skill_price" time="16.093" classname="expOActions_US_main.CI_CreateReq_AddResponses_Test"/>
  <testcase name="select_Req" time="15.368" classname="expOActions_US_main.CI_CreateReq_AddResponses_Test"/>
  <testcase name="req_detail" time="21.057" classname="expOActions_US_main.CI_CreateReq_AddResponses_Test"/>
  <testcase name="alert_check" time="0.015" classname="expOActions_US_main.CI_CreateReq_AddResponses_Test"/>
  <testcase name="SubmitResponseToRequester" time="14.457" classname="expOActions_US_main.CI_CreateReq_AddResponses_Test"/>
</testsuite> <!-- expOActions_US_main.CI_CreateReq_AddResponses_Test -->
