<?xml version="1.0" encoding="UTF-8"?>
<!-- Generated by org.testng.reporters.JUnitReportReporter -->
<testsuite name="expOActions_GB_main.PO_AuthorizationGB" tests="2" time="100.577" ignored="0" failures="0" timestamp="16 Apr 2019 07:58:05 GMT" skipped="0" hostname="IBM200-PC07QF34" errors="0">
  <testcase name="authorize_PO" time="90.425" classname="expOActions_GB_main.PO_AuthorizationGB"/>
  <testcase name="PO_Login" time="10.152" classname="expOActions_GB_main.PO_AuthorizationGB"/>
</testsuite> <!-- expOActions_GB_main.PO_AuthorizationGB -->
