<?xml version="1.0" encoding="UTF-8"?>
<!-- Generated by org.testng.reporters.JUnitReportReporter -->
<testsuite name="expOActions_IN_main.PO_Authorization_IN" tests="2" time="109.963" ignored="0" failures="0" timestamp="16 Apr 2019 10:33:37 GMT" skipped="0" hostname="IBM200-PC07QF34" errors="0">
  <testcase name="authorize_PO" time="89.950" classname="expOActions_IN_main.PO_Authorization_IN"/>
  <testcase name="PO_Login" time="20.013" classname="expOActions_IN_main.PO_Authorization_IN"/>
</testsuite> <!-- expOActions_IN_main.PO_Authorization_IN -->
