<?xml version="1.0" encoding="UTF-8"?>
<!-- Generated by org.testng.reporters.JUnitReportReporter -->
<testsuite name="expOActions_US_main.PO_Authorization" tests="2" time="108.993" ignored="0" failures="0" timestamp="16 Apr 2019 07:54:15 GMT" skipped="0" hostname="IBM200-PC07QF34" errors="0">
  <testcase name="PO_Login" time="12.130" classname="expOActions_US_main.PO_Authorization"/>
  <testcase name="authorize_PO" time="96.863" classname="expOActions_US_main.PO_Authorization"/>
</testsuite> <!-- expOActions_US_main.PO_Authorization -->
