<?xml version="1.0" encoding="UTF-8"?>
<!-- Generated by org.testng.reporters.JUnitReportReporter -->
<testsuite hostname="IBM200-PC07QF34" name="pOActions_US_main.CRB_Auth" tests="2" failures="0" timestamp="19 May 2017 13:19:40 GMT" time="46.596" errors="0">
  <testcase name="CRB_login" time="13.147" classname="pOActions_US_main.CRB_Auth"/>
  <testcase name="CRB_auth" time="33.449" classname="pOActions_US_main.CRB_Auth"/>
</testsuite> <!-- pOActions_US_main.CRB_Auth -->
