<?xml version="1.0" encoding="UTF-8"?>
<!-- Generated by org.testng.reporters.JUnitReportReporter -->
<testsuite name="expOActions_US_main.AddResponse" tests="1" time="253.188" ignored="0" failures="0" timestamp="15 Apr 2019 09:32:02 GMT" skipped="0" hostname="IBM200-PC07QF34" errors="0">
  <testcase name="add_response" time="253.188" classname="expOActions_US_main.AddResponse"/>
</testsuite> <!-- expOActions_US_main.AddResponse -->
