<?xml version="1.0" encoding="UTF-8"?>
<!-- Generated by org.testng.reporters.JUnitReportReporter -->
<testsuite hostname="IBM200-PC07QF34" name="pOActions_US_main.FinalizeResponse" tests="2" failures="0" timestamp="19 May 2017 12:04:08 GMT" time="76.739" errors="0">
  <testcase name="login" time="20.500" classname="pOActions_US_main.FinalizeResponse"/>
  <testcase name="Finalize" time="56.239" classname="pOActions_US_main.FinalizeResponse"/>
</testsuite> <!-- pOActions_US_main.FinalizeResponse -->
