<?xml version="1.0" encoding="UTF-8"?>
<!-- Generated by org.testng.reporters.JUnitReportReporter -->
<testsuite name="expOActions_IN_main.CreateRequest_IN" tests="1" time="219.443" ignored="0" failures="0" timestamp="15 Apr 2019 10:20:11 GMT" skipped="0" hostname="IBM200-PC07QF34" errors="0">
  <testcase name="RIPC_Login" time="219.443" classname="expOActions_IN_main.CreateRequest_IN"/>
</testsuite> <!-- expOActions_IN_main.CreateRequest_IN -->
