<?xml version="1.0" encoding="UTF-8"?>
<!-- Generated by org.testng.reporters.JUnitReportReporter -->
<testsuite hostname="IBM200-PC07QF34" name="pOActions_US_main.CreateRequest" tests="11" failures="0" timestamp="18 May 2017 07:46:50 GMT" time="747.307" errors="0">
  <testcase name="Create_Req" time="189.350" classname="pOActions_US_main.CreateRequest"/>
  <testcase name="req_data" time="0.670" classname="pOActions_US_main.CreateRequest"/>
  <testcase name="skill_Req" time="10.441" classname="pOActions_US_main.CreateRequest"/>
  <testcase name="req_detail" time="29.021" classname="pOActions_US_main.CreateRequest"/>
  <testcase name="skill_price" time="19.713" classname="pOActions_US_main.CreateRequest"/>
  <testcase name="skill_loc" time="25.003" classname="pOActions_US_main.CreateRequest"/>
  <testcase name="select_Req" time="390.101" classname="pOActions_US_main.CreateRequest"/>
  <testcase name="supp" time="56.059" classname="pOActions_US_main.CreateRequest"/>
  <testcase name="select_jrss" time="24.447" classname="pOActions_US_main.CreateRequest"/>
  <testcase name="alert_check" time="2.145" classname="pOActions_US_main.CreateRequest"/>
  <testcase name="RIPC_Login" time="0.357" classname="pOActions_US_main.CreateRequest"/>
</testsuite> <!-- pOActions_US_main.CreateRequest -->
