<?xml version="1.0" encoding="UTF-8"?>
<!-- Generated by org.testng.reporters.JUnitReportReporter -->
<testsuite name="expOActions_IN_main.RIPC_StatusCheck_IN" tests="1" time="49.878" ignored="0" failures="0" timestamp="31 Jan 2018 05:15:06 GMT" skipped="0" hostname="IBM200-PC07QF34" errors="0">
  <testcase name="RIPC_Login" time="49.878" classname="expOActions_IN_main.RIPC_StatusCheck_IN"/>
</testsuite> <!-- expOActions_IN_main.RIPC_StatusCheck_IN -->
