<?xml version="1.0" encoding="UTF-8"?>
<!-- Generated by org.testng.reporters.JUnitReportReporter -->
<testsuite name="expOActions_GB_main.FinalizeResponse_GB" tests="2" time="185.175" ignored="0" failures="0" timestamp="15 Apr 2019 12:15:25 GMT" skipped="0" hostname="IBM200-PC07QF34" errors="0">
  <testcase name="Finalize" time="129.966" classname="expOActions_GB_main.FinalizeResponse_GB"/>
  <testcase name="Login" time="55.209" classname="expOActions_GB_main.FinalizeResponse_GB"/>
</testsuite> <!-- expOActions_GB_main.FinalizeResponse_GB -->
