<?xml version="1.0" encoding="UTF-8"?>
<!-- Generated by org.testng.reporters.JUnitReportReporter -->
<testsuite name="gPSG_DE_Main.CI_Gpsg_CreateRequest_AddResponse_Test" tests="21" time="599.040" ignored="0" failures="0" timestamp="22 Mar 2021 14:03:22 GMT" skipped="0" hostname="DESKTOP-GAEG9SK" errors="0">
  <testcase name="T16_DiffCurr_skill_loc" time="18.389" classname="gPSG_DE_Main.CI_Gpsg_CreateRequest_AddResponse_Test"/>
  <testcase name="T7_SameCurr_skill_loc" time="23.155" classname="gPSG_DE_Main.CI_Gpsg_CreateRequest_AddResponse_Test"/>
  <testcase name="T15_DiffCurr_req_detail" time="17.509" classname="gPSG_DE_Main.CI_Gpsg_CreateRequest_AddResponse_Test"/>
  <testcase name="T5_SameCurr_select_jrss" time="10.379" classname="gPSG_DE_Main.CI_Gpsg_CreateRequest_AddResponse_Test"/>
  <testcase name="T17_DiffCurr_skill_price" time="9.221" classname="gPSG_DE_Main.CI_Gpsg_CreateRequest_AddResponse_Test"/>
  <testcase name="T8_SameCurr_skill_price" time="6.195" classname="gPSG_DE_Main.CI_Gpsg_CreateRequest_AddResponse_Test"/>
  <testcase name="T10_ClickOnHomePage" time="2.889" classname="gPSG_DE_Main.CI_Gpsg_CreateRequest_AddResponse_Test"/>
  <testcase name="T11_DiffCurr_Create_Req" time="1.279" classname="gPSG_DE_Main.CI_Gpsg_CreateRequest_AddResponse_Test"/>
  <testcase name="T14_DiffCurr_select_jrss" time="7.176" classname="gPSG_DE_Main.CI_Gpsg_CreateRequest_AddResponse_Test"/>
  <testcase name="T20_SupplierLogin" time="17.958" classname="gPSG_DE_Main.CI_Gpsg_CreateRequest_AddResponse_Test"/>
  <testcase name="T3_SameCurr_Select_ReqType" time="2.555" classname="gPSG_DE_Main.CI_Gpsg_CreateRequest_AddResponse_Test"/>
  <testcase name="T13_DiffCurr_select_Requester" time="32.714" classname="gPSG_DE_Main.CI_Gpsg_CreateRequest_AddResponse_Test"/>
  <testcase name="T19_OpenNewGreen" time="10.329" classname="gPSG_DE_Main.CI_Gpsg_CreateRequest_AddResponse_Test"/>
  <testcase name="T1_RIPC_Login" time="62.678" classname="gPSG_DE_Main.CI_Gpsg_CreateRequest_AddResponse_Test"/>
  <testcase name="T6_SameCurr_req_detail" time="19.953" classname="gPSG_DE_Main.CI_Gpsg_CreateRequest_AddResponse_Test"/>
  <testcase name="T18_DiffCurr_supp" time="30.983" classname="gPSG_DE_Main.CI_Gpsg_CreateRequest_AddResponse_Test"/>
  <testcase name="T2_SameCurr_Create_Req" time="5.294" classname="gPSG_DE_Main.CI_Gpsg_CreateRequest_AddResponse_Test"/>
  <testcase name="T4_SameCurr_select_Requester" time="15.782" classname="gPSG_DE_Main.CI_Gpsg_CreateRequest_AddResponse_Test"/>
  <testcase name="T21_add_response" time="270.035" classname="gPSG_DE_Main.CI_Gpsg_CreateRequest_AddResponse_Test"/>
  <testcase name="T9_SameCurr_supp" time="32.109" classname="gPSG_DE_Main.CI_Gpsg_CreateRequest_AddResponse_Test"/>
  <testcase name="T12_DiffCurr_Select_ReqType" time="2.458" classname="gPSG_DE_Main.CI_Gpsg_CreateRequest_AddResponse_Test"/>
</testsuite> <!-- gPSG_DE_Main.CI_Gpsg_CreateRequest_AddResponse_Test -->
